ListenBook/app/build/intermediates/manifest_merge_blame_file/debug/manifest-merger-blame-debug-report.txt
1<?xml version="1.0" encoding="utf-8"?>
2<manifest xmlns:android="http://schemas.android.com/apk/res/android"
3    package="com.example.listenbook"
4    android:versionCode="1"
5    android:versionName="1.0" >
6
7    <uses-sdk
8        android:minSdkVersion="29"
9        android:targetSdkVersion="34" />
10
11    <uses-permission
11-->src\main\AndroidManifest.xml:4:5-5:38
12        android:name="android.permission.READ_EXTERNAL_STORAGE"
12-->src\main\AndroidManifest.xml:4:22-77
13        android:maxSdkVersion="32" />
13-->src\main\AndroidManifest.xml:5:9-35
14    <uses-permission
14-->src\main\AndroidManifest.xml:6:5-7:38
15        android:name="android.permission.WRITE_EXTERNAL_STORAGE"
15-->src\main\AndroidManifest.xml:6:22-78
16        android:maxSdkVersion="32" />
16-->src\main\AndroidManifest.xml:7:9-35
17
18    <queries>
18-->[com.android.car.ui:car-ui-lib:2.6.0] AndroidManifest.xml:23:5-34:15
19
20        <!-- Required for querying the IME service at runtime -->
21        <intent>
21-->[com.android.car.ui:car-ui-lib:2.6.0] AndroidManifest.xml:26:9-28:18
22            <action android:name="android.view.InputMethod" />
22-->[com.android.car.ui:car-ui-lib:2.6.0] AndroidManifest.xml:27:13-63
22-->[com.android.car.ui:car-ui-lib:2.6.0] AndroidManifest.xml:27:21-60
23        </intent>
24        <!-- Required for querying the plugin at runtime -->
25        <provider
25-->[com.android.car.ui:car-ui-lib:2.6.0] AndroidManifest.xml:30:9-33:67
26            android:name="com.android.car.ui.plugin.PluginNameProvider"
26-->[com.android.car.ui:car-ui-lib:2.6.0] AndroidManifest.xml:31:13-72
27            android:authorities="com.android.car.ui.plugin" />
27-->[com.android.car.ui:car-ui-lib:2.6.0] AndroidManifest.xml:32:13-60
28    </queries>
29
30    <permission
30-->[androidx.core:core:1.9.0] AndroidManifest.xml:22:5-24:47
31        android:name="com.example.listenbook.DYNAMIC_RECEIVER_NOT_EXPORTED_PERMISSION"
31-->[androidx.core:core:1.9.0] AndroidManifest.xml:23:9-81
32        android:protectionLevel="signature" />
32-->[androidx.core:core:1.9.0] AndroidManifest.xml:24:9-44
33
34    <uses-permission android:name="com.example.listenbook.DYNAMIC_RECEIVER_NOT_EXPORTED_PERMISSION" />
34-->[androidx.core:core:1.9.0] AndroidManifest.xml:26:5-97
34-->[androidx.core:core:1.9.0] AndroidManifest.xml:26:22-94
35
36    <application
36-->src\main\AndroidManifest.xml:8:5-52:19
37        android:allowBackup="true"
37-->src\main\AndroidManifest.xml:9:9-35
38        android:appComponentFactory="androidx.core.app.CoreComponentFactory"
38-->[androidx.core:core:1.9.0] AndroidManifest.xml:28:18-86
39        android:dataExtractionRules="@xml/data_extraction_rules"
39-->src\main\AndroidManifest.xml:10:9-65
40        android:debuggable="true"
41        android:extractNativeLibs="false"
42        android:fullBackupContent="@xml/backup_rules"
42-->src\main\AndroidManifest.xml:11:9-54
43        android:icon="@drawable/launch_icon"
43-->src\main\AndroidManifest.xml:12:9-45
44        android:label="@string/app_name"
44-->src\main\AndroidManifest.xml:13:9-41
45        android:localeConfig="@xml/locale_config"
45-->src\main\AndroidManifest.xml:17:9-50
46        android:roundIcon="@drawable/launch_icon"
46-->src\main\AndroidManifest.xml:14:9-50
47        android:supportsRtl="true"
47-->src\main\AndroidManifest.xml:15:9-35
48        android:testOnly="true"
49        android:theme="@style/Theme.AppCompat.Light.NoActionBar" >
49-->src\main\AndroidManifest.xml:16:9-65
50        <activity
50-->src\main\AndroidManifest.xml:19:9-31:20
51            android:name="com.example.listenbook.MainActivity"
51-->src\main\AndroidManifest.xml:22:13-41
52            android:exported="true"
52-->src\main\AndroidManifest.xml:23:13-36
53            android:screenOrientation="sensor"
53-->src\main\AndroidManifest.xml:24:13-47
54            android:theme="@style/AppTheme"
54-->src\main\AndroidManifest.xml:20:13-44
55            android:windowBackground="@color/background_main" >
55-->src\main\AndroidManifest.xml:21:13-62
56            <intent-filter>
56-->src\main\AndroidManifest.xml:26:13-30:29
57                <action android:name="android.intent.action.MAIN" />
57-->src\main\AndroidManifest.xml:27:17-69
57-->src\main\AndroidManifest.xml:27:25-66
58
59                <category android:name="android.intent.category.LAUNCHER" />
59-->src\main\AndroidManifest.xml:29:17-77
59-->src\main\AndroidManifest.xml:29:27-74
60            </intent-filter>
61        </activity>
62        <activity
62-->src\main\AndroidManifest.xml:32:9-35:49
63            android:name="com.example.listenbook.ActivityBooks"
63-->src\main\AndroidManifest.xml:33:13-42
64            android:exported="false"
64-->src\main\AndroidManifest.xml:34:13-37
65            android:screenOrientation="sensor" />
65-->src\main\AndroidManifest.xml:35:13-47
66        <activity
66-->src\main\AndroidManifest.xml:36:9-39:49
67            android:name="com.example.listenbook.ActivityBookmarks"
67-->src\main\AndroidManifest.xml:37:13-46
68            android:exported="false"
68-->src\main\AndroidManifest.xml:38:13-37
69            android:screenOrientation="sensor" />
69-->src\main\AndroidManifest.xml:39:13-47
70        <activity
70-->src\main\AndroidManifest.xml:40:9-43:49
71            android:name="com.example.listenbook.ActivityHistory"
71-->src\main\AndroidManifest.xml:41:13-44
72            android:exported="false"
72-->src\main\AndroidManifest.xml:42:13-37
73            android:screenOrientation="sensor" />
73-->src\main\AndroidManifest.xml:43:13-47
74        <activity
74-->src\main\AndroidManifest.xml:44:9-47:49
75            android:name="com.example.listenbook.ActivityStatistics"
75-->src\main\AndroidManifest.xml:45:13-47
76            android:exported="false"
76-->src\main\AndroidManifest.xml:46:13-37
77            android:screenOrientation="sensor" />
77-->src\main\AndroidManifest.xml:47:13-47
78        <activity
78-->src\main\AndroidManifest.xml:48:9-51:49
79            android:name="com.example.listenbook.ActivitySettings"
79-->src\main\AndroidManifest.xml:49:13-45
80            android:exported="false"
80-->src\main\AndroidManifest.xml:50:13-37
81            android:screenOrientation="sensor" />
81-->src\main\AndroidManifest.xml:51:13-47
82
83        <provider
83-->[com.android.car.ui:car-ui-lib:2.6.0] AndroidManifest.xml:37:9-42:71
84            android:name="com.android.car.ui.core.CarUiInstaller"
84-->[com.android.car.ui:car-ui-lib:2.6.0] AndroidManifest.xml:38:13-66
85            android:authorities="com.example.listenbook.CarUiInstaller"
85-->[com.android.car.ui:car-ui-lib:2.6.0] AndroidManifest.xml:39:13-66
86            android:directBootAware="true"
86-->[com.android.car.ui:car-ui-lib:2.6.0] AndroidManifest.xml:40:13-43
87            android:exported="false"
87-->[com.android.car.ui:car-ui-lib:2.6.0] AndroidManifest.xml:41:13-37
88            android:process="@string/car_ui_installer_process_name" />
88-->[com.android.car.ui:car-ui-lib:2.6.0] AndroidManifest.xml:42:13-68
89        <provider
89-->[com.android.car.ui:car-ui-lib:2.6.0] AndroidManifest.xml:43:9-48:79
90            android:name="com.android.car.ui.core.SearchResultsProvider"
90-->[com.android.car.ui:car-ui-lib:2.6.0] AndroidManifest.xml:44:13-73
91            android:authorities="com.example.listenbook.SearchResultsProvider"
91-->[com.android.car.ui:car-ui-lib:2.6.0] AndroidManifest.xml:45:13-73
92            android:exported="true"
92-->[com.android.car.ui:car-ui-lib:2.6.0] AndroidManifest.xml:46:13-36
93            android:process="@string/car_ui_installer_process_name"
93-->[com.android.car.ui:car-ui-lib:2.6.0] AndroidManifest.xml:47:13-68
94            android:readPermission="com.android.car.ui.READ_SEARCH_RESULTS" />
94-->[com.android.car.ui:car-ui-lib:2.6.0] AndroidManifest.xml:48:13-76
95        <provider
95-->[androidx.emoji2:emoji2:1.2.0] AndroidManifest.xml:24:9-32:20
96            android:name="androidx.startup.InitializationProvider"
96-->[androidx.emoji2:emoji2:1.2.0] AndroidManifest.xml:25:13-67
97            android:authorities="com.example.listenbook.androidx-startup"
97-->[androidx.emoji2:emoji2:1.2.0] AndroidManifest.xml:26:13-68
98            android:exported="false" >
98-->[androidx.emoji2:emoji2:1.2.0] AndroidManifest.xml:27:13-37
99            <meta-data
99-->[androidx.emoji2:emoji2:1.2.0] AndroidManifest.xml:29:13-31:52
100                android:name="androidx.emoji2.text.EmojiCompatInitializer"
100-->[androidx.emoji2:emoji2:1.2.0] AndroidManifest.xml:30:17-75
101                android:value="androidx.startup" />
101-->[androidx.emoji2:emoji2:1.2.0] AndroidManifest.xml:31:17-49
102            <meta-data
102-->[androidx.lifecycle:lifecycle-process:2.4.1] AndroidManifest.xml:31:13-33:52
103                android:name="androidx.lifecycle.ProcessLifecycleInitializer"
103-->[androidx.lifecycle:lifecycle-process:2.4.1] AndroidManifest.xml:32:17-78
104                android:value="androidx.startup" />
104-->[androidx.lifecycle:lifecycle-process:2.4.1] AndroidManifest.xml:33:17-49
105        </provider>
106    </application>
107
108</manifest>